Day 1
COMPLETED RENTALS
ACTIVE RENTALS
Hannah
2 tools rented for 5 days on day 1
woodwork tool with: Extension Cord
yardwork tool with: Extension Cord, Protective Gear Package
Total: $305

Hannah
1 tool rented for 3 days on day 1
painting tool with: Extension Cord, Protective Gear Package, Extension Cord
Total: $95

INVENTORY
concrete: 1
painting: 7
yardwork: 3
woodwork: 5
plumbing: 5

$400 in revenue today
========

Day 2
COMPLETED RENTALS
ACTIVE RENTALS
Hannah
2 tools rented for 5 days on day 1
woodwork tool with: Extension Cord
yardwork tool with: Extension Cord, Protective Gear Package
Total: $305

Hannah
1 tool rented for 3 days on day 1
painting tool with: Extension Cord, Protective Gear Package, Extension Cord
Total: $95

Karen
3 tools rented for 7 days on day 2
yardwork tool with: painting tool with: Extension Cord, Protective Gear Package, Extension Cord, Protective Gear Package, Protective Gear Package
plumbing tool with: Protective Gear Package, Accessory Kit
Total: $678

INVENTORY
concrete: 1
painting: 6
yardwork: 2
woodwork: 5
plumbing: 4

$678 in revenue today
========

Day 3
COMPLETED RENTALS
ACTIVE RENTALS
Hannah
2 tools rented for 5 days on day 1
woodwork tool with: Extension Cord
yardwork tool with: Extension Cord, Protective Gear Package
Total: $305

Hannah
1 tool rented for 3 days on day 1
painting tool with: Extension Cord, Protective Gear Package, Extension Cord
Total: $95

Karen
3 tools rented for 7 days on day 2
yardwork tool with: painting tool with: Extension Cord, Protective Gear Package, Extension Cord, Protective Gear Package, Protective Gear Package
plumbing tool with: Protective Gear Package, Accessory Kit
Total: $678

INVENTORY
concrete: 1
painting: 6
yardwork: 2
woodwork: 5
plumbing: 4

$0 in revenue today
========

Day 4
COMPLETED RENTALS
Hannah
1 tool rented for 3 days on day 1
painting tool with: Extension Cord, Protective Gear Package, Extension Cord
Total: $5

ACTIVE RENTALS
Hannah
2 tools rented for 5 days on day 1
woodwork tool with: Extension Cord
yardwork tool with: Extension Cord, Protective Gear Package
Total: $305

Karen
3 tools rented for 7 days on day 2
yardwork tool with: painting tool with: Extension Cord, Protective Gear Package, Extension Cord, Protective Gear Package, Protective Gear Package
plumbing tool with: Protective Gear Package, Accessory Kit
Total: $678

INVENTORY
concrete: 1
painting: 7
yardwork: 2
woodwork: 5
plumbing: 4

$0 in revenue today
========

Day 5
COMPLETED RENTALS
ACTIVE RENTALS
Hannah
2 tools rented for 5 days on day 1
woodwork tool with: Extension Cord
yardwork tool with: Extension Cord, Protective Gear Package
Total: $305

Karen
3 tools rented for 7 days on day 2
yardwork tool with: painting tool with: Extension Cord, Protective Gear Package, Extension Cord, Protective Gear Package, Protective Gear Package
plumbing tool with: Protective Gear Package, Accessory Kit
Total: $678

Hannah
1 tool rented for 5 days on day 5
plumbing tool with: Accessory Kit, Protective Gear Package
Total: $206

INVENTORY
concrete: 1
painting: 7
yardwork: 2
woodwork: 5
plumbing: 3

$206 in revenue today
========

Day 6
COMPLETED RENTALS
Hannah
2 tools rented for 5 days on day 1
woodwork tool with: Extension Cord
yardwork tool with: Extension Cord, Protective Gear Package
Total: $5

ACTIVE RENTALS
Karen
3 tools rented for 7 days on day 2
yardwork tool with: painting tool with: Extension Cord, Protective Gear Package, Extension Cord, Protective Gear Package, Protective Gear Package
plumbing tool with: Protective Gear Package, Accessory Kit
Total: $678

Hannah
1 tool rented for 5 days on day 5
plumbing tool with: Accessory Kit, Protective Gear Package
Total: $206

INVENTORY
concrete: 1
painting: 7
yardwork: 3
woodwork: 6
plumbing: 3

$0 in revenue today
========

Day 7
COMPLETED RENTALS
ACTIVE RENTALS
Karen
3 tools rented for 7 days on day 2
yardwork tool with: painting tool with: Extension Cord, Protective Gear Package, Extension Cord, Protective Gear Package, Protective Gear Package
plumbing tool with: Protective Gear Package, Accessory Kit
Total: $678

Hannah
1 tool rented for 5 days on day 5
plumbing tool with: Accessory Kit, Protective Gear Package
Total: $206

Bob
1 tool rented for 2 days on day 7
concrete tool with: Protective Gear Package, Protective Gear Package, Extension Cord, Protective Gear Package
Total: $105

Bob
1 tool rented for 2 days on day 7
yardwork tool with: Protective Gear Package, Protective Gear Package, Accessory Kit, Protective Gear Package, Protective Gear Package
Total: $59

Bob
1 tool rented for 1 days on day 7
plumbing tool with: Accessory Kit, Accessory Kit
Total: $50

INVENTORY
concrete: 0
painting: 7
yardwork: 2
woodwork: 6
plumbing: 2

$214 in revenue today
========

Day 8
COMPLETED RENTALS
Bob
1 tool rented for 1 days on day 7
plumbing tool with: Accessory Kit, Accessory Kit
Total: $10

ACTIVE RENTALS
Karen
3 tools rented for 7 days on day 2
yardwork tool with: painting tool with: Extension Cord, Protective Gear Package, Extension Cord, Protective Gear Package, Protective Gear Package
plumbing tool with: Protective Gear Package, Accessory Kit
Total: $678

Hannah
1 tool rented for 5 days on day 5
plumbing tool with: Accessory Kit, Protective Gear Package
Total: $206

Bob
1 tool rented for 2 days on day 7
concrete tool with: Protective Gear Package, Protective Gear Package, Extension Cord, Protective Gear Package
Total: $105

Bob
1 tool rented for 2 days on day 7
yardwork tool with: Protective Gear Package, Protective Gear Package, Accessory Kit, Protective Gear Package, Protective Gear Package
Total: $59

INVENTORY
concrete: 0
painting: 7
yardwork: 2
woodwork: 6
plumbing: 3

$0 in revenue today
========

Day 9
COMPLETED RENTALS
Bob
1 tool rented for 2 days on day 7
yardwork tool with: Protective Gear Package, Protective Gear Package, Accessory Kit, Protective Gear Package, Protective Gear Package
Total: $9

Bob
1 tool rented for 2 days on day 7
concrete tool with: Protective Gear Package, Protective Gear Package, Extension Cord, Protective Gear Package
Total: $5

Karen
3 tools rented for 7 days on day 2
yardwork tool with: painting tool with: Extension Cord, Protective Gear Package, Extension Cord, Protective Gear Package, Protective Gear Package
plumbing tool with: Protective Gear Package, Accessory Kit
Total: $13

ACTIVE RENTALS
Hannah
1 tool rented for 5 days on day 5
plumbing tool with: Accessory Kit, Protective Gear Package
Total: $206

Gary
3 tools rented for 3 days on day 9
plumbing tool with: Protective Gear Package, Accessory Kit, Protective Gear Package, Protective Gear Package, Accessory Kit
painting tool with: Extension Cord, Accessory Kit, Extension Cord, Accessory Kit, Accessory Kit
yardwork tool with: Total: $317

INVENTORY
concrete: 1
painting: 7
yardwork: 3
woodwork: 6
plumbing: 3

$317 in revenue today
========

Day 10
COMPLETED RENTALS
Hannah
1 tool rented for 5 days on day 5
plumbing tool with: Accessory Kit, Protective Gear Package
Total: $6

ACTIVE RENTALS
Gary
3 tools rented for 3 days on day 9
plumbing tool with: Protective Gear Package, Accessory Kit, Protective Gear Package, Protective Gear Package, Accessory Kit
painting tool with: Extension Cord, Accessory Kit, Extension Cord, Accessory Kit, Accessory Kit
yardwork tool with: Total: $317

Janet
2 tools rented for 5 days on day 10
plumbing tool with: Extension Cord
plumbing tool with: Accessory Kit
Total: $407

Janet
1 tool rented for 4 days on day 10
plumbing tool with: Total: $160

INVENTORY
concrete: 1
painting: 7
yardwork: 3
woodwork: 6
plumbing: 1

$567 in revenue today
========

Day 11
COMPLETED RENTALS
ACTIVE RENTALS
Gary
3 tools rented for 3 days on day 9
plumbing tool with: Protective Gear Package, Accessory Kit, Protective Gear Package, Protective Gear Package, Accessory Kit
painting tool with: Extension Cord, Accessory Kit, Extension Cord, Accessory Kit, Accessory Kit
yardwork tool with: Total: $317

Janet
2 tools rented for 5 days on day 10
plumbing tool with: Extension Cord
plumbing tool with: Accessory Kit
Total: $407

Janet
1 tool rented for 4 days on day 10
plumbing tool with: Total: $160

Hannah
1 tool rented for 3 days on day 11
plumbing tool with: Protective Gear Package
Total: $121

Hannah
2 tools rented for 5 days on day 11
yardwork tool with: painting tool with: Protective Gear Package, Accessory Kit
Total: $281

INVENTORY
concrete: 1
painting: 6
yardwork: 2
woodwork: 6
plumbing: 0

$402 in revenue today
========

Day 12
COMPLETED RENTALS
Gary
3 tools rented for 3 days on day 9
plumbing tool with: Protective Gear Package, Accessory Kit, Protective Gear Package, Protective Gear Package, Accessory Kit
painting tool with: Extension Cord, Accessory Kit, Extension Cord, Accessory Kit, Accessory Kit
yardwork tool with: Total: $32

ACTIVE RENTALS
Janet
2 tools rented for 5 days on day 10
plumbing tool with: Extension Cord
plumbing tool with: Accessory Kit
Total: $407

Janet
1 tool rented for 4 days on day 10
plumbing tool with: Total: $160

Hannah
1 tool rented for 3 days on day 11
plumbing tool with: Protective Gear Package
Total: $121

Hannah
2 tools rented for 5 days on day 11
yardwork tool with: painting tool with: Protective Gear Package, Accessory Kit
Total: $281

INVENTORY
concrete: 1
painting: 7
yardwork: 3
woodwork: 6
plumbing: 1

$0 in revenue today
========

Day 13
COMPLETED RENTALS
ACTIVE RENTALS
Janet
2 tools rented for 5 days on day 10
plumbing tool with: Extension Cord
plumbing tool with: Accessory Kit
Total: $407

Janet
1 tool rented for 4 days on day 10
plumbing tool with: Total: $160

Hannah
1 tool rented for 3 days on day 11
plumbing tool with: Protective Gear Package
Total: $121

Hannah
2 tools rented for 5 days on day 11
yardwork tool with: painting tool with: Protective Gear Package, Accessory Kit
Total: $281

Chuck
2 tools rented for 2 days on day 13
yardwork tool with: Accessory Kit, Extension Cord, Accessory Kit
plumbing tool with: Protective Gear Package
Total: $143

Chuck
1 tool rented for 1 days on day 13
woodwork tool with: Protective Gear Package, Extension Cord, Protective Gear Package, Extension Cord, Extension Cord
Total: $43

INVENTORY
concrete: 1
painting: 7
yardwork: 2
woodwork: 5
plumbing: 0

$186 in revenue today
========

Day 14
COMPLETED RENTALS
Chuck
1 tool rented for 1 days on day 13
woodwork tool with: Protective Gear Package, Extension Cord, Protective Gear Package, Extension Cord, Extension Cord
Total: $8

Hannah
1 tool rented for 3 days on day 11
plumbing tool with: Protective Gear Package
Total: $1

Janet
1 tool rented for 4 days on day 10
plumbing tool with: Total: $0

ACTIVE RENTALS
Janet
2 tools rented for 5 days on day 10
plumbing tool with: Extension Cord
plumbing tool with: Accessory Kit
Total: $407

Hannah
2 tools rented for 5 days on day 11
yardwork tool with: painting tool with: Protective Gear Package, Accessory Kit
Total: $281

Chuck
2 tools rented for 2 days on day 13
yardwork tool with: Accessory Kit, Extension Cord, Accessory Kit
plumbing tool with: Protective Gear Package
Total: $143

Fiona
2 tools rented for 2 days on day 14
concrete tool with: Protective Gear Package, Accessory Kit, Accessory Kit, Extension Cord
painting tool with: Total: $173

Fiona
1 tool rented for 2 days on day 14
woodwork tool with: Protective Gear Package
Total: $71

INVENTORY
concrete: 0
painting: 6
yardwork: 2
woodwork: 5
plumbing: 2

$244 in revenue today
========

Day 15
COMPLETED RENTALS
Chuck
2 tools rented for 2 days on day 13
yardwork tool with: Accessory Kit, Extension Cord, Accessory Kit
plumbing tool with: Protective Gear Package
Total: $13

Janet
2 tools rented for 5 days on day 10
plumbing tool with: Extension Cord
plumbing tool with: Accessory Kit
Total: $7

ACTIVE RENTALS
Hannah
2 tools rented for 5 days on day 11
yardwork tool with: painting tool with: Protective Gear Package, Accessory Kit
Total: $281

Fiona
2 tools rented for 2 days on day 14
concrete tool with: Protective Gear Package, Accessory Kit, Accessory Kit, Extension Cord
painting tool with: Total: $173

Fiona
1 tool rented for 2 days on day 14
woodwork tool with: Protective Gear Package
Total: $71

Hannah
1 tool rented for 5 days on day 15
yardwork tool with: Protective Gear Package, Extension Cord, Accessory Kit, Extension Cord, Accessory Kit
Total: $140

INVENTORY
concrete: 0
painting: 6
yardwork: 2
woodwork: 5
plumbing: 5

$140 in revenue today
========

Day 16
COMPLETED RENTALS
Fiona
1 tool rented for 2 days on day 14
woodwork tool with: Protective Gear Package
Total: $1

Fiona
2 tools rented for 2 days on day 14
concrete tool with: Protective Gear Package, Accessory Kit, Accessory Kit, Extension Cord
painting tool with: Total: $13

Hannah
2 tools rented for 5 days on day 11
yardwork tool with: painting tool with: Protective Gear Package, Accessory Kit
Total: $6

ACTIVE RENTALS
Hannah
1 tool rented for 5 days on day 15
yardwork tool with: Protective Gear Package, Extension Cord, Accessory Kit, Extension Cord, Accessory Kit
Total: $140

Dave
2 tools rented for 2 days on day 16
plumbing tool with: painting tool with: Extension Cord, Extension Cord, Accessory Kit
Total: $149

Dave
1 tool rented for 2 days on day 16
woodwork tool with: Total: $70

INVENTORY
concrete: 1
painting: 7
yardwork: 3
woodwork: 5
plumbing: 4

$219 in revenue today
========

Day 17
COMPLETED RENTALS
ACTIVE RENTALS
Hannah
1 tool rented for 5 days on day 15
yardwork tool with: Protective Gear Package, Extension Cord, Accessory Kit, Extension Cord, Accessory Kit
Total: $140

Dave
2 tools rented for 2 days on day 16
plumbing tool with: painting tool with: Extension Cord, Extension Cord, Accessory Kit
Total: $149

Dave
1 tool rented for 2 days on day 16
woodwork tool with: Total: $70

Lewis
3 tools rented for 7 days on day 17
plumbing tool with: Protective Gear Package, Extension Cord, Extension Cord, Accessory Kit, Protective Gear Package
plumbing tool with: Accessory Kit, Extension Cord, Accessory Kit
woodwork tool with: Extension Cord
Total: $830

INVENTORY
concrete: 1
painting: 7
yardwork: 3
woodwork: 4
plumbing: 2

$830 in revenue today
========

Day 18
COMPLETED RENTALS
Dave
1 tool rented for 2 days on day 16
woodwork tool with: Total: $0

Dave
2 tools rented for 2 days on day 16
plumbing tool with: painting tool with: Extension Cord, Extension Cord, Accessory Kit
Total: $9

ACTIVE RENTALS
Hannah
1 tool rented for 5 days on day 15
yardwork tool with: Protective Gear Package, Extension Cord, Accessory Kit, Extension Cord, Accessory Kit
Total: $140

Lewis
3 tools rented for 7 days on day 17
plumbing tool with: Protective Gear Package, Extension Cord, Extension Cord, Accessory Kit, Protective Gear Package
plumbing tool with: Accessory Kit, Extension Cord, Accessory Kit
woodwork tool with: Extension Cord
Total: $830

Hannah
2 tools rented for 5 days on day 18
concrete tool with: Protective Gear Package, Extension Cord, Extension Cord, Accessory Kit, Accessory Kit
woodwork tool with: Accessory Kit, Accessory Kit, Accessory Kit, Extension Cord, Accessory Kit
Total: $462

INVENTORY
concrete: 0
painting: 8
yardwork: 3
woodwork: 4
plumbing: 3

$462 in revenue today
========

Day 19
COMPLETED RENTALS
ACTIVE RENTALS
Hannah
1 tool rented for 5 days on day 15
yardwork tool with: Protective Gear Package, Extension Cord, Accessory Kit, Extension Cord, Accessory Kit
Total: $140

Lewis
3 tools rented for 7 days on day 17
plumbing tool with: Protective Gear Package, Extension Cord, Extension Cord, Accessory Kit, Protective Gear Package
plumbing tool with: Accessory Kit, Extension Cord, Accessory Kit
woodwork tool with: Extension Cord
Total: $830

Hannah
2 tools rented for 5 days on day 18
concrete tool with: Protective Gear Package, Extension Cord, Extension Cord, Accessory Kit, Accessory Kit
woodwork tool with: Accessory Kit, Accessory Kit, Accessory Kit, Extension Cord, Accessory Kit
Total: $462

INVENTORY
concrete: 0
painting: 8
yardwork: 3
woodwork: 4
plumbing: 3

$0 in revenue today
========

Day 20
COMPLETED RENTALS
Hannah
1 tool rented for 5 days on day 15
yardwork tool with: Protective Gear Package, Extension Cord, Accessory Kit, Extension Cord, Accessory Kit
Total: $15

ACTIVE RENTALS
Lewis
3 tools rented for 7 days on day 17
plumbing tool with: Protective Gear Package, Extension Cord, Extension Cord, Accessory Kit, Protective Gear Package
plumbing tool with: Accessory Kit, Extension Cord, Accessory Kit
woodwork tool with: Extension Cord
Total: $830

Hannah
2 tools rented for 5 days on day 18
concrete tool with: Protective Gear Package, Extension Cord, Extension Cord, Accessory Kit, Accessory Kit
woodwork tool with: Accessory Kit, Accessory Kit, Accessory Kit, Extension Cord, Accessory Kit
Total: $462

Hannah
1 tool rented for 5 days on day 20
plumbing tool with: Protective Gear Package
Total: $201

INVENTORY
concrete: 0
painting: 8
yardwork: 4
woodwork: 4
plumbing: 2

$201 in revenue today
========

Day 21
COMPLETED RENTALS
ACTIVE RENTALS
Lewis
3 tools rented for 7 days on day 17
plumbing tool with: Protective Gear Package, Extension Cord, Extension Cord, Accessory Kit, Protective Gear Package
plumbing tool with: Accessory Kit, Extension Cord, Accessory Kit
woodwork tool with: Extension Cord
Total: $830

Hannah
2 tools rented for 5 days on day 18
concrete tool with: Protective Gear Package, Extension Cord, Extension Cord, Accessory Kit, Accessory Kit
woodwork tool with: Accessory Kit, Accessory Kit, Accessory Kit, Extension Cord, Accessory Kit
Total: $462

Hannah
1 tool rented for 5 days on day 20
plumbing tool with: Protective Gear Package
Total: $201

INVENTORY
concrete: 0
painting: 8
yardwork: 4
woodwork: 4
plumbing: 2

$0 in revenue today
========

Day 22
COMPLETED RENTALS
ACTIVE RENTALS
Lewis
3 tools rented for 7 days on day 17
plumbing tool with: Protective Gear Package, Extension Cord, Extension Cord, Accessory Kit, Protective Gear Package
plumbing tool with: Accessory Kit, Extension Cord, Accessory Kit
woodwork tool with: Extension Cord
Total: $830

Hannah
2 tools rented for 5 days on day 18
concrete tool with: Protective Gear Package, Extension Cord, Extension Cord, Accessory Kit, Accessory Kit
woodwork tool with: Accessory Kit, Accessory Kit, Accessory Kit, Extension Cord, Accessory Kit
Total: $462

Hannah
1 tool rented for 5 days on day 20
plumbing tool with: Protective Gear Package
Total: $201

Karen
3 tools rented for 7 days on day 22
painting tool with: Accessory Kit, Accessory Kit, Extension Cord
painting tool with: Accessory Kit, Extension Cord
plumbing tool with: Accessory Kit, Extension Cord, Accessory Kit, Protective Gear Package, Protective Gear Package
Total: $733

INVENTORY
concrete: 0
painting: 6
yardwork: 4
woodwork: 4
plumbing: 1

$733 in revenue today
========

Day 23
COMPLETED RENTALS
Hannah
2 tools rented for 5 days on day 18
concrete tool with: Protective Gear Package, Extension Cord, Extension Cord, Accessory Kit, Accessory Kit
woodwork tool with: Accessory Kit, Accessory Kit, Accessory Kit, Extension Cord, Accessory Kit
Total: $37

ACTIVE RENTALS
Lewis
3 tools rented for 7 days on day 17
plumbing tool with: Protective Gear Package, Extension Cord, Extension Cord, Accessory Kit, Protective Gear Package
plumbing tool with: Accessory Kit, Extension Cord, Accessory Kit
woodwork tool with: Extension Cord
Total: $830

Hannah
1 tool rented for 5 days on day 20
plumbing tool with: Protective Gear Package
Total: $201

Karen
3 tools rented for 7 days on day 22
painting tool with: Accessory Kit, Accessory Kit, Extension Cord
painting tool with: Accessory Kit, Extension Cord
plumbing tool with: Accessory Kit, Extension Cord, Accessory Kit, Protective Gear Package, Protective Gear Package
Total: $733

Gary
2 tools rented for 5 days on day 23
woodwork tool with: Extension Cord, Accessory Kit, Protective Gear Package, Protective Gear Package
painting tool with: Extension Cord, Protective Gear Package, Extension Cord, Protective Gear Package, Extension Cord
Total: $342

Gary
1 tool rented for 4 days on day 23
woodwork tool with: Protective Gear Package
Total: $141

INVENTORY
concrete: 1
painting: 5
yardwork: 4
woodwork: 3
plumbing: 1

$483 in revenue today
========

Day 24
COMPLETED RENTALS
Lewis
3 tools rented for 7 days on day 17
plumbing tool with: Protective Gear Package, Extension Cord, Extension Cord, Accessory Kit, Protective Gear Package
plumbing tool with: Accessory Kit, Extension Cord, Accessory Kit
woodwork tool with: Extension Cord
Total: $25

ACTIVE RENTALS
Hannah
1 tool rented for 5 days on day 20
plumbing tool with: Protective Gear Package
Total: $201

Karen
3 tools rented for 7 days on day 22
painting tool with: Accessory Kit, Accessory Kit, Extension Cord
painting tool with: Accessory Kit, Extension Cord
plumbing tool with: Accessory Kit, Extension Cord, Accessory Kit, Protective Gear Package, Protective Gear Package
Total: $733

Gary
2 tools rented for 5 days on day 23
woodwork tool with: Extension Cord, Accessory Kit, Protective Gear Package, Protective Gear Package
painting tool with: Extension Cord, Protective Gear Package, Extension Cord, Protective Gear Package, Extension Cord
Total: $342

Gary
1 tool rented for 4 days on day 23
woodwork tool with: Protective Gear Package
Total: $141

Bob
1 tool rented for 1 days on day 24
plumbing tool with: Extension Cord, Accessory Kit, Accessory Kit
Total: $52

INVENTORY
concrete: 1
painting: 5
yardwork: 4
woodwork: 4
plumbing: 2

$52 in revenue today
========

Day 25
COMPLETED RENTALS
Bob
1 tool rented for 1 days on day 24
plumbing tool with: Extension Cord, Accessory Kit, Accessory Kit
Total: $12

Hannah
1 tool rented for 5 days on day 20
plumbing tool with: Protective Gear Package
Total: $1

ACTIVE RENTALS
Karen
3 tools rented for 7 days on day 22
painting tool with: Accessory Kit, Accessory Kit, Extension Cord
painting tool with: Accessory Kit, Extension Cord
plumbing tool with: Accessory Kit, Extension Cord, Accessory Kit, Protective Gear Package, Protective Gear Package
Total: $733

Gary
2 tools rented for 5 days on day 23
woodwork tool with: Extension Cord, Accessory Kit, Protective Gear Package, Protective Gear Package
painting tool with: Extension Cord, Protective Gear Package, Extension Cord, Protective Gear Package, Extension Cord
Total: $342

Gary
1 tool rented for 4 days on day 23
woodwork tool with: Protective Gear Package
Total: $141

Erin
2 tools rented for 2 days on day 25
plumbing tool with: Extension Cord, Extension Cord, Accessory Kit, Accessory Kit, Extension Cord
concrete tool with: Accessory Kit, Protective Gear Package, Accessory Kit
Total: $207

Erin
1 tool rented for 1 days on day 25
plumbing tool with: Extension Cord, Accessory Kit, Protective Gear Package
Total: $48

INVENTORY
concrete: 0
painting: 5
yardwork: 4
woodwork: 4
plumbing: 2

$255 in revenue today
========

Day 26
COMPLETED RENTALS
Erin
1 tool rented for 1 days on day 25
plumbing tool with: Extension Cord, Accessory Kit, Protective Gear Package
Total: $8

ACTIVE RENTALS
Karen
3 tools rented for 7 days on day 22
painting tool with: Accessory Kit, Accessory Kit, Extension Cord
painting tool with: Accessory Kit, Extension Cord
plumbing tool with: Accessory Kit, Extension Cord, Accessory Kit, Protective Gear Package, Protective Gear Package
Total: $733

Gary
2 tools rented for 5 days on day 23
woodwork tool with: Extension Cord, Accessory Kit, Protective Gear Package, Protective Gear Package
painting tool with: Extension Cord, Protective Gear Package, Extension Cord, Protective Gear Package, Extension Cord
Total: $342

Gary
1 tool rented for 4 days on day 23
woodwork tool with: Protective Gear Package
Total: $141

Erin
2 tools rented for 2 days on day 25
plumbing tool with: Extension Cord, Extension Cord, Accessory Kit, Accessory Kit, Extension Cord
concrete tool with: Accessory Kit, Protective Gear Package, Accessory Kit
Total: $207

Ian
1 tool rented for 4 days on day 26
woodwork tool with: Extension Cord, Protective Gear Package, Extension Cord, Accessory Kit, Accessory Kit
Total: $155

Ian
1 tool rented for 4 days on day 26
woodwork tool with: Accessory Kit, Protective Gear Package, Protective Gear Package, Extension Cord, Extension Cord
Total: $151

Ian
1 tool rented for 3 days on day 26
woodwork tool with: Protective Gear Package
Total: $106

INVENTORY
concrete: 0
painting: 5
yardwork: 4
woodwork: 1
plumbing: 3

$412 in revenue today
========

Day 27
COMPLETED RENTALS
Erin
2 tools rented for 2 days on day 25
plumbing tool with: Extension Cord, Extension Cord, Accessory Kit, Accessory Kit, Extension Cord
concrete tool with: Accessory Kit, Protective Gear Package, Accessory Kit
Total: $27

Gary
1 tool rented for 4 days on day 23
woodwork tool with: Protective Gear Package
Total: $1

ACTIVE RENTALS
Karen
3 tools rented for 7 days on day 22
painting tool with: Accessory Kit, Accessory Kit, Extension Cord
painting tool with: Accessory Kit, Extension Cord
plumbing tool with: Accessory Kit, Extension Cord, Accessory Kit, Protective Gear Package, Protective Gear Package
Total: $733

Gary
2 tools rented for 5 days on day 23
woodwork tool with: Extension Cord, Accessory Kit, Protective Gear Package, Protective Gear Package
painting tool with: Extension Cord, Protective Gear Package, Extension Cord, Protective Gear Package, Extension Cord
Total: $342

Ian
1 tool rented for 4 days on day 26
woodwork tool with: Extension Cord, Protective Gear Package, Extension Cord, Accessory Kit, Accessory Kit
Total: $155

Ian
1 tool rented for 4 days on day 26
woodwork tool with: Accessory Kit, Protective Gear Package, Protective Gear Package, Extension Cord, Extension Cord
Total: $151

Ian
1 tool rented for 3 days on day 26
woodwork tool with: Protective Gear Package
Total: $106

Dave
2 tools rented for 1 days on day 27
painting tool with: Extension Cord, Protective Gear Package, Protective Gear Package
painting tool with: Extension Cord, Extension Cord, Protective Gear Package
Total: $69

Dave
1 tool rented for 2 days on day 27
concrete tool with: Accessory Kit, Accessory Kit, Extension Cord, Accessory Kit, Protective Gear Package
Total: $118

INVENTORY
concrete: 0
painting: 3
yardwork: 4
woodwork: 2
plumbing: 4

$187 in revenue today
========

Day 28
COMPLETED RENTALS
Dave
2 tools rented for 1 days on day 27
painting tool with: Extension Cord, Protective Gear Package, Protective Gear Package
painting tool with: Extension Cord, Extension Cord, Protective Gear Package
Total: $9

Gary
2 tools rented for 5 days on day 23
woodwork tool with: Extension Cord, Accessory Kit, Protective Gear Package, Protective Gear Package
painting tool with: Extension Cord, Protective Gear Package, Extension Cord, Protective Gear Package, Extension Cord
Total: $17

ACTIVE RENTALS
Karen
3 tools rented for 7 days on day 22
painting tool with: Accessory Kit, Accessory Kit, Extension Cord
painting tool with: Accessory Kit, Extension Cord
plumbing tool with: Accessory Kit, Extension Cord, Accessory Kit, Protective Gear Package, Protective Gear Package
Total: $733

Ian
1 tool rented for 4 days on day 26
woodwork tool with: Extension Cord, Protective Gear Package, Extension Cord, Accessory Kit, Accessory Kit
Total: $155

Ian
1 tool rented for 4 days on day 26
woodwork tool with: Accessory Kit, Protective Gear Package, Protective Gear Package, Extension Cord, Extension Cord
Total: $151

Ian
1 tool rented for 3 days on day 26
woodwork tool with: Protective Gear Package
Total: $106

Dave
1 tool rented for 2 days on day 27
concrete tool with: Accessory Kit, Accessory Kit, Extension Cord, Accessory Kit, Protective Gear Package
Total: $118

Lewis
3 tools rented for 7 days on day 28
painting tool with: Accessory Kit, Extension Cord, Accessory Kit
woodwork tool with: Accessory Kit, Accessory Kit, Accessory Kit, Accessory Kit
plumbing tool with: Accessory Kit, Accessory Kit, Accessory Kit, Extension Cord
Total: $784

INVENTORY
concrete: 0
painting: 5
yardwork: 4
woodwork: 2
plumbing: 3

$784 in revenue today
========

Day 29
COMPLETED RENTALS
Dave
1 tool rented for 2 days on day 27
concrete tool with: Accessory Kit, Accessory Kit, Extension Cord, Accessory Kit, Protective Gear Package
Total: $18

Ian
1 tool rented for 3 days on day 26
woodwork tool with: Protective Gear Package
Total: $1

Karen
3 tools rented for 7 days on day 22
painting tool with: Accessory Kit, Accessory Kit, Extension Cord
painting tool with: Accessory Kit, Extension Cord
plumbing tool with: Accessory Kit, Extension Cord, Accessory Kit, Protective Gear Package, Protective Gear Package
Total: $33

ACTIVE RENTALS
Ian
1 tool rented for 4 days on day 26
woodwork tool with: Extension Cord, Protective Gear Package, Extension Cord, Accessory Kit, Accessory Kit
Total: $155

Ian
1 tool rented for 4 days on day 26
woodwork tool with: Accessory Kit, Protective Gear Package, Protective Gear Package, Extension Cord, Extension Cord
Total: $151

Lewis
3 tools rented for 7 days on day 28
painting tool with: Accessory Kit, Extension Cord, Accessory Kit
woodwork tool with: Accessory Kit, Accessory Kit, Accessory Kit, Accessory Kit
plumbing tool with: Accessory Kit, Accessory Kit, Accessory Kit, Extension Cord
Total: $784

Fiona
2 tools rented for 2 days on day 29
plumbing tool with: Extension Cord, Extension Cord, Protective Gear Package, Extension Cord, Extension Cord
woodwork tool with: Accessory Kit
Total: $164

Fiona
1 tool rented for 1 days on day 29
yardwork tool with: Extension Cord
Total: $27

INVENTORY
concrete: 1
painting: 7
yardwork: 3
woodwork: 2
plumbing: 3

$191 in revenue today
========

Day 30
COMPLETED RENTALS
Fiona
1 tool rented for 1 days on day 29
yardwork tool with: Extension Cord
Total: $2

Ian
1 tool rented for 4 days on day 26
woodwork tool with: Accessory Kit, Protective Gear Package, Protective Gear Package, Extension Cord, Extension Cord
Total: $11

Ian
1 tool rented for 4 days on day 26
woodwork tool with: Extension Cord, Protective Gear Package, Extension Cord, Accessory Kit, Accessory Kit
Total: $15

ACTIVE RENTALS
Lewis
3 tools rented for 7 days on day 28
painting tool with: Accessory Kit, Extension Cord, Accessory Kit
woodwork tool with: Accessory Kit, Accessory Kit, Accessory Kit, Accessory Kit
plumbing tool with: Accessory Kit, Accessory Kit, Accessory Kit, Extension Cord
Total: $784

Fiona
2 tools rented for 2 days on day 29
plumbing tool with: Extension Cord, Extension Cord, Protective Gear Package, Extension Cord, Extension Cord
woodwork tool with: Accessory Kit
Total: $164

Bob
1 tool rented for 2 days on day 30
plumbing tool with: Accessory Kit, Extension Cord, Protective Gear Package, Accessory Kit
Total: $93

Bob
2 tools rented for 1 days on day 30
painting tool with: Extension Cord, Protective Gear Package, Extension Cord, Protective Gear Package, Accessory Kit
plumbing tool with: Extension Cord, Protective Gear Package, Extension Cord, Protective Gear Package, Accessory Kit
Total: $92

INVENTORY
concrete: 1
painting: 6
yardwork: 4
woodwork: 4
plumbing: 1

$185 in revenue today
========

Day 31
COMPLETED RENTALS
Bob
2 tools rented for 1 days on day 30
painting tool with: Extension Cord, Protective Gear Package, Extension Cord, Protective Gear Package, Accessory Kit
plumbing tool with: Extension Cord, Protective Gear Package, Extension Cord, Protective Gear Package, Accessory Kit
Total: $22

Fiona
2 tools rented for 2 days on day 29
plumbing tool with: Extension Cord, Extension Cord, Protective Gear Package, Extension Cord, Extension Cord
woodwork tool with: Accessory Kit
Total: $14

ACTIVE RENTALS
Lewis
3 tools rented for 7 days on day 28
painting tool with: Accessory Kit, Extension Cord, Accessory Kit
woodwork tool with: Accessory Kit, Accessory Kit, Accessory Kit, Accessory Kit
plumbing tool with: Accessory Kit, Accessory Kit, Accessory Kit, Extension Cord
Total: $784

Bob
1 tool rented for 2 days on day 30
plumbing tool with: Accessory Kit, Extension Cord, Protective Gear Package, Accessory Kit
Total: $93

Bob
1 tool rented for 1 days on day 31
painting tool with: Accessory Kit, Extension Cord, Extension Cord
Total: $39

Bob
1 tool rented for 2 days on day 31
plumbing tool with: Protective Gear Package, Protective Gear Package, Extension Cord
Total: $84

INVENTORY
concrete: 1
painting: 6
yardwork: 4
woodwork: 5
plumbing: 2

$123 in revenue today
========

Day 32
COMPLETED RENTALS
Bob
1 tool rented for 1 days on day 31
painting tool with: Accessory Kit, Extension Cord, Extension Cord
Total: $9

Bob
1 tool rented for 2 days on day 30
plumbing tool with: Accessory Kit, Extension Cord, Protective Gear Package, Accessory Kit
Total: $13

ACTIVE RENTALS
Lewis
3 tools rented for 7 days on day 28
painting tool with: Accessory Kit, Extension Cord, Accessory Kit
woodwork tool with: Accessory Kit, Accessory Kit, Accessory Kit, Accessory Kit
plumbing tool with: Accessory Kit, Accessory Kit, Accessory Kit, Extension Cord
Total: $784

Bob
1 tool rented for 2 days on day 31
plumbing tool with: Protective Gear Package, Protective Gear Package, Extension Cord
Total: $84

Bob
2 tools rented for 1 days on day 32
yardwork tool with: Extension Cord, Extension Cord, Extension Cord, Extension Cord, Extension Cord
yardwork tool with: Total: $60

INVENTORY
concrete: 1
painting: 7
yardwork: 2
woodwork: 5
plumbing: 3

$60 in revenue today
========

Day 33
COMPLETED RENTALS
Bob
2 tools rented for 1 days on day 32
yardwork tool with: Extension Cord, Extension Cord, Extension Cord, Extension Cord, Extension Cord
yardwork tool with: Total: $10

Bob
1 tool rented for 2 days on day 31
plumbing tool with: Protective Gear Package, Protective Gear Package, Extension Cord
Total: $4

ACTIVE RENTALS
Lewis
3 tools rented for 7 days on day 28
painting tool with: Accessory Kit, Extension Cord, Accessory Kit
woodwork tool with: Accessory Kit, Accessory Kit, Accessory Kit, Accessory Kit
plumbing tool with: Accessory Kit, Accessory Kit, Accessory Kit, Extension Cord
Total: $784

Erin
1 tool rented for 2 days on day 33
concrete tool with: Protective Gear Package
Total: $101

Erin
2 tools rented for 1 days on day 33
plumbing tool with: plumbing tool with: Protective Gear Package, Extension Cord, Accessory Kit, Extension Cord, Protective Gear Package
Total: $91

INVENTORY
concrete: 0
painting: 7
yardwork: 4
woodwork: 5
plumbing: 2

$192 in revenue today
========

Day 34
COMPLETED RENTALS
Erin
2 tools rented for 1 days on day 33
plumbing tool with: plumbing tool with: Protective Gear Package, Extension Cord, Accessory Kit, Extension Cord, Protective Gear Package
Total: $11

ACTIVE RENTALS
Lewis
3 tools rented for 7 days on day 28
painting tool with: Accessory Kit, Extension Cord, Accessory Kit
woodwork tool with: Accessory Kit, Accessory Kit, Accessory Kit, Accessory Kit
plumbing tool with: Accessory Kit, Accessory Kit, Accessory Kit, Extension Cord
Total: $784

Erin
1 tool rented for 2 days on day 33
concrete tool with: Protective Gear Package
Total: $101

Gary
1 tool rented for 4 days on day 34
yardwork tool with: Extension Cord, Extension Cord, Extension Cord, Accessory Kit, Accessory Kit
Total: $116

Gary
2 tools rented for 4 days on day 34
woodwork tool with: Extension Cord, Protective Gear Package, Accessory Kit, Protective Gear Package, Extension Cord
woodwork tool with: Accessory Kit, Extension Cord, Protective Gear Package, Protective Gear Package, Protective Gear Package
Total: $301

INVENTORY
concrete: 0
painting: 7
yardwork: 3
woodwork: 3
plumbing: 4

$417 in revenue today
========

Day 35
COMPLETED RENTALS
Erin
1 tool rented for 2 days on day 33
concrete tool with: Protective Gear Package
Total: $1

Lewis
3 tools rented for 7 days on day 28
painting tool with: Accessory Kit, Extension Cord, Accessory Kit
woodwork tool with: Accessory Kit, Accessory Kit, Accessory Kit, Accessory Kit
plumbing tool with: Accessory Kit, Accessory Kit, Accessory Kit, Extension Cord
Total: $49

ACTIVE RENTALS
Gary
1 tool rented for 4 days on day 34
yardwork tool with: Extension Cord, Extension Cord, Extension Cord, Accessory Kit, Accessory Kit
Total: $116

Gary
2 tools rented for 4 days on day 34
woodwork tool with: Extension Cord, Protective Gear Package, Accessory Kit, Protective Gear Package, Extension Cord
woodwork tool with: Accessory Kit, Extension Cord, Protective Gear Package, Protective Gear Package, Protective Gear Package
Total: $301

Karen
3 tools rented for 7 days on day 35
woodwork tool with: Protective Gear Package, Protective Gear Package, Extension Cord
yardwork tool with: Protective Gear Package, Accessory Kit
concrete tool with: Protective Gear Package
Total: $781

INVENTORY
concrete: 0
painting: 8
yardwork: 2
woodwork: 3
plumbing: 5

$781 in revenue today
========


Total Rentals: 43
business rentals: 4
casual rentals: 23
regular rentals: 16
Total Revenue: $9140
